<?xml version="1.0" encoding="UTF-8"?>
<!-- Generated by org.testng.reporters.JUnitXMLReporter -->
<testsuite ignored="0" hostname="LPTP120" failures="0" tests="4" name="Default test" time="0.081" errors="0" timestamp="2024-09-27T15:49:04 IST">
  <testcase classname="java_streams.StreamsExercise" name="StreamCollect" time="0.009"/>
  <testcase classname="java_streams.StreamsExercise" name="StreamMap" time="0.006"/>
  <testcase classname="java_streams.StreamsExercise" name="StreamsEx" time="0.004"/>
  <testcase classname="java_streams.StreamsExercise" name="regular" time="0.002"/>
</testsuite> <!-- Default test -->
