<?xml version="1.0" encoding="UTF-8"?>
<!-- Generated by org.testng.reporters.JUnitXMLReporter -->
<testsuite ignored="2" hostname="LPTP120" failures="0" tests="5" name="Car Loan" time="0.034" errors="0" timestamp="2024-09-23T18:23:02 IST">
  <testcase classname="testNGTurtorial.day3" name="MobileSignOutCarLoan" time="0.002"/>
  <testcase classname="testNGTurtorial.day3" name="MobileSignOutCarLoan" time="0.001"/>
  <testcase classname="testNGTurtorial.day3" name="MobileSignOutCarLoan" time="0.001"/>
  <testcase classname="testNGTurtorial.day3" name="MobileloginCarLoan" time="0.001"/>
  <testcase classname="testNGTurtorial.day3" name="webloginCarLoan" time="0.001"/>
  <testcase classname="testNGTurtorial.day3" name="APICarLoan" time="0.0">
    <ignored/>
  </testcase> <!-- APICarLoan -->
  <testcase classname="testNGTurtorial.day3" name="MobileSignInCarLoan" time="0.0">
    <ignored/>
  </testcase> <!-- MobileSignInCarLoan -->
</testsuite> <!-- Car Loan -->
