<?xml version="1.0" encoding="UTF-8"?>
<!-- Generated by org.testng.reporters.JUnitXMLReporter -->
<testsuite ignored="0" hostname="LPTP120" failures="0" tests="6" name="Personal Loan" time="0.08" errors="0" timestamp="2024-09-23T18:23:02 IST">
  <testcase classname="testNGTurtorial.day1" name="demo" time="0.005"/>
  <testcase classname="testNGTurtorial.day1" name="secondTest" time="0.001"/>
  <testcase classname="testNGTurtorial.day2" name="plan" time="0.003"/>
  <testcase classname="testNGTurtorial.day4" name="LoginAPIHomeLoan" time="0.001"/>
  <testcase classname="testNGTurtorial.day4" name="MobileloginHomeLoan" time="0.001"/>
  <testcase classname="testNGTurtorial.day4" name="Webloginhomeloan" time="0.002"/>
</testsuite> <!-- Personal Loan -->
