<?xml version="1.0" encoding="UTF-8"?>
<!-- Generated by org.testng.reporters.JUnitXMLReporter -->
<testsuite ignored="3" hostname="LPTP120" failures="2" tests="8" name="Regression" time="0.122" errors="0" timestamp="2024-09-23T17:20:42 IST">
  <testcase classname="testNGTurtorial.day1" name="demo" time="0.006"/>
  <testcase classname="testNGTurtorial.day1" name="secondTest" time="0.002"/>
  <testcase classname="testNGTurtorial.day4" name="LoginAPIHomeLoan" time="0.002"/>
  <testcase classname="testNGTurtorial.day4" name="Webloginhomeloan" time="0.0">
    <failure type="org.testng.TestNGException" message="
Parameter &amp;apos;URL&amp;apos; is required by @Test on method Webloginhomeloan but has not been marked @Optional or defined
in C:\Users\manik\eclipse-workspace\Intro\testng3.xml">
      <![CDATA[org.testng.TestNGException: 
Parameter 'URL' is required by @Test on method Webloginhomeloan but has not been marked @Optional or defined
in C:\Users\manik\eclipse-workspace\Intro\testng3.xml
at java.base/java.util.ArrayList.forEach(ArrayList.java:1511)
... Removed 26 stack frames]]>
    </failure>
  </testcase> <!-- Webloginhomeloan -->
  <testcase classname="testNGTurtorial.day3" name="APICarLoan" time="0.003"/>
  <testcase classname="testNGTurtorial.day3" name="MobileSignInCarLoan" time="0.001"/>
  <testcase classname="testNGTurtorial.day3" name="MobileSignOutCarLoan" time="0.001"/>
  <testcase classname="testNGTurtorial.day3" name="webloginCarLoan" time="0.0">
    <failure type="org.testng.TestNGException" message="
Parameter &amp;apos;URL&amp;apos; is required by @Test on method webloginCarLoan but has not been marked @Optional or defined
in C:\Users\manik\eclipse-workspace\Intro\testng3.xml">
      <![CDATA[org.testng.TestNGException: 
Parameter 'URL' is required by @Test on method webloginCarLoan but has not been marked @Optional or defined
in C:\Users\manik\eclipse-workspace\Intro\testng3.xml
at java.base/java.util.ArrayList.forEach(ArrayList.java:1511)
... Removed 26 stack frames]]>
    </failure>
  </testcase> <!-- webloginCarLoan -->
  <testcase classname="testNGTurtorial.day2" name="plan" time="0.0">
    <ignored/>
  </testcase> <!-- plan -->
  <testcase classname="testNGTurtorial.day4" name="MobileloginHomeLoan" time="0.0">
    <ignored/>
  </testcase> <!-- MobileloginHomeLoan -->
  <testcase classname="testNGTurtorial.day3" name="MobileloginCarLoan" time="0.0">
    <ignored/>
  </testcase> <!-- MobileloginCarLoan -->
</testsuite> <!-- Regression -->
