<?xml version="1.0" encoding="UTF-8"?>
<testng-results ignored="0" total="4" passed="4" failed="0" skipped="0">
  <reporter-output>
  </reporter-output>
  <suite started-at="2024-09-27T15:49:04 IST" name="Default suite" finished-at="2024-09-27T15:49:04 IST" duration-ms="81">
    <groups>
    </groups>
    <test started-at="2024-09-27T15:49:04 IST" name="Default test" finished-at="2024-09-27T15:49:04 IST" duration-ms="81">
      <class name="java_streams.StreamsExercise">
        <test-method signature="StreamCollect()[pri:0, instance:java_streams.StreamsExercise@5c6648b0]" started-at="2024-09-27T15:49:04 IST" name="StreamCollect" finished-at="2024-09-27T15:49:04 IST" duration-ms="9" status="PASS">
          <reporter-output>
          </reporter-output>
        </test-method> <!-- StreamCollect -->
        <test-method signature="StreamMap()[pri:0, instance:java_streams.StreamsExercise@5c6648b0]" started-at="2024-09-27T15:49:04 IST" name="StreamMap" finished-at="2024-09-27T15:49:04 IST" duration-ms="6" status="PASS">
          <reporter-output>
          </reporter-output>
        </test-method> <!-- StreamMap -->
        <test-method signature="StreamsEx()[pri:0, instance:java_streams.StreamsExercise@5c6648b0]" started-at="2024-09-27T15:49:04 IST" name="StreamsEx" finished-at="2024-09-27T15:49:04 IST" duration-ms="4" status="PASS">
          <reporter-output>
          </reporter-output>
        </test-method> <!-- StreamsEx -->
        <test-method signature="regular()[pri:0, instance:java_streams.StreamsExercise@5c6648b0]" started-at="2024-09-27T15:49:04 IST" name="regular" finished-at="2024-09-27T15:49:04 IST" duration-ms="2" status="PASS">
          <reporter-output>
          </reporter-output>
        </test-method> <!-- regular -->
      </class> <!-- java_streams.StreamsExercise -->
    </test> <!-- Default test -->
  </suite> <!-- Default suite -->
</testng-results>
